<?xml version="1.0" encoding="UTF-8"?>
<!-- Generated by org.testng.reporters.JUnitReportReporter -->
<testsuite hostname="LAPTOP-AH8ETRRP" failures="0" tests="1" name="com.selenium.examples.ExtentReports.ExtentreportsSelenium" time="23.035" errors="0" timestamp="2020-06-22T15:52:36 IST" skipped="0">
  <testcase classname="com.selenium.examples.ExtentReports.ExtentreportsSelenium" name="initialDemo" time="23.035"/>
  <system-out/>
</testsuite> <!-- com.selenium.examples.ExtentReports.ExtentreportsSelenium -->
